c:\users\victortf2\documents\github\pinball-\physics2_class4 - handout\debug\vc140.pdb
c:\users\victortf2\documents\github\pinball-\physics2_class4 - handout\debug\vc140.idb
c:\users\victortf2\documents\github\pinball-\physics2_class4 - handout\debug\application.obj
c:\users\victortf2\documents\github\pinball-\physics2_class4 - handout\debug\main.obj
c:\users\victortf2\documents\github\pinball-\physics2_class4 - handout\debug\moduleaudio.obj
c:\users\victortf2\documents\github\pinball-\physics2_class4 - handout\debug\moduleinput.obj
c:\users\victortf2\documents\github\pinball-\physics2_class4 - handout\debug\modulephysics.obj
c:\users\victortf2\documents\github\pinball-\physics2_class4 - handout\debug\moduleplayer.obj
c:\users\victortf2\documents\github\pinball-\physics2_class4 - handout\debug\modulerender.obj
c:\users\victortf2\documents\github\pinball-\physics2_class4 - handout\debug\moduletextures.obj
c:\users\victortf2\documents\github\pinball-\physics2_class4 - handout\debug\modulewindow.obj
c:\users\victortf2\documents\github\pinball-\physics2_class4 - handout\debug\log.obj
c:\users\victortf2\documents\github\pinball-\physics2_class4 - handout\debug\modulesceneintro.obj
c:\users\victortf2\documents\github\pinball-\physics2_class4 - handout\debug\2d physics - class 4.ilk
c:\users\victortf2\documents\github\pinball-\physics2_class4 - handout\debug\2d physics - class 4.exe
c:\users\victortf2\documents\github\pinball-\physics2_class4 - handout\debug\2d physics - class 4.pdb
c:\users\victortf2\documents\github\pinball-\physics2_class4 - handout\debug\2d physi.746cc4c3.tlog\cl.command.1.tlog
c:\users\victortf2\documents\github\pinball-\physics2_class4 - handout\debug\2d physi.746cc4c3.tlog\cl.read.1.tlog
c:\users\victortf2\documents\github\pinball-\physics2_class4 - handout\debug\2d physi.746cc4c3.tlog\cl.write.1.tlog
c:\users\victortf2\documents\github\pinball-\physics2_class4 - handout\debug\2d physi.746cc4c3.tlog\link.command.1.tlog
c:\users\victortf2\documents\github\pinball-\physics2_class4 - handout\debug\2d physi.746cc4c3.tlog\link.read.1.tlog
c:\users\victortf2\documents\github\pinball-\physics2_class4 - handout\debug\2d physi.746cc4c3.tlog\link.write.1.tlog
