  ModuleWindow.cpp
  ModuleTextures.cpp
  ModuleSceneIntro.cpp
c:\users\victortf2\documents\github\pinball-\physics2_class4 - handout\modulesceneintro.cpp(22): warning C4305: '=': truncation from 'float' to 'bool'
c:\users\victortf2\documents\github\pinball-\physics2_class4 - handout\modulesceneintro.cpp(28): warning C4305: '=': truncation from 'float' to 'bool'
c:\users\victortf2\documents\github\pinball-\physics2_class4 - handout\modulesceneintro.cpp(32): warning C4305: '=': truncation from 'float' to 'bool'
c:\users\victortf2\documents\github\pinball-\physics2_class4 - handout\modulesceneintro.cpp(551): warning C4244: 'argument': conversion from 'int' to 'float', possible loss of data
c:\users\victortf2\documents\github\pinball-\physics2_class4 - handout\modulesceneintro.cpp(553): warning C4244: 'argument': conversion from 'int' to 'float', possible loss of data
c:\users\victortf2\documents\github\pinball-\physics2_class4 - handout\modulesceneintro.cpp(555): warning C4244: 'argument': conversion from 'float' to 'int', possible loss of data
c:\users\victortf2\documents\github\pinball-\physics2_class4 - handout\modulesceneintro.cpp(558): warning C4244: 'argument': conversion from 'float' to 'int', possible loss of data
c:\users\victortf2\documents\github\pinball-\physics2_class4 - handout\modulesceneintro.cpp(567): warning C4101: 'y1': unreferenced local variable
c:\users\victortf2\documents\github\pinball-\physics2_class4 - handout\modulesceneintro.cpp(567): warning C4101: 'x1': unreferenced local variable
c:\users\victortf2\documents\github\pinball-\physics2_class4 - handout\modulesceneintro.cpp(566): warning C4101: 'y': unreferenced local variable
c:\users\victortf2\documents\github\pinball-\physics2_class4 - handout\modulesceneintro.cpp(566): warning C4101: 'x': unreferenced local variable
c:\program files (x86)\microsoft visual studio\2017\community\vc\tools\msvc\14.11.25503\include\limits(211): warning C4577: 'noexcept' used with no exception handling mode specified; termination on exception is not guaranteed. Specify /EHsc
  ModuleRender.cpp
  ModulePlayer.cpp
  ModulePhysics.cpp
c:\users\victortf2\documents\github\pinball-\physics2_class4 - handout\modulephysics.cpp(40): warning C4244: 'initializing': conversion from 'float' to 'int', possible loss of data
c:\users\victortf2\documents\github\pinball-\physics2_class4 - handout\modulephysics.cpp(113): warning C4244: '=': conversion from 'float' to 'int', possible loss of data
c:\users\victortf2\documents\github\pinball-\physics2_class4 - handout\modulephysics.cpp(114): warning C4244: '=': conversion from 'float' to 'int', possible loss of data
c:\users\victortf2\documents\github\pinball-\physics2_class4 - handout\modulephysics.cpp(304): warning C4018: '<': signed/unsigned mismatch
c:\users\victortf2\documents\github\pinball-\physics2_class4 - handout\modulephysics.cpp(407): warning C4244: '=': conversion from 'int' to 'float32', possible loss of data
c:\users\victortf2\documents\github\pinball-\physics2_class4 - handout\modulephysics.cpp(408): warning C4244: '=': conversion from 'int' to 'float32', possible loss of data
c:\users\victortf2\documents\github\pinball-\physics2_class4 - handout\modulephysics.cpp(441): warning C4244: 'argument': conversion from 'float32' to 'int', possible loss of data
c:\users\victortf2\documents\github\pinball-\physics2_class4 - handout\modulephysics.cpp(509): warning C4244: 'initializing': conversion from 'int' to 'float', possible loss of data
c:\users\victortf2\documents\github\pinball-\physics2_class4 - handout\modulephysics.cpp(510): warning C4244: 'initializing': conversion from 'int' to 'float', possible loss of data
c:\users\victortf2\documents\github\pinball-\physics2_class4 - handout\modulephysics.cpp(516): warning C4244: 'return': conversion from 'float32' to 'int', possible loss of data
c:\program files (x86)\microsoft visual studio\2017\community\vc\tools\msvc\14.11.25503\include\cmath(113): warning C4577: 'noexcept' used with no exception handling mode specified; termination on exception is not guaranteed. Specify /EHsc
  ModuleInput.cpp
  ModuleAudio.cpp
  Main.cpp
  log.cpp
  Application.cpp
c:\program files (x86)\microsoft visual studio\2017\community\vc\tools\msvc\14.11.25503\include\limits(211): warning C4577: 'noexcept' used with no exception handling mode specified; termination on exception is not guaranteed. Specify /EHsc
  Generating Code...
  SDL Game.vcxproj -> C:\Users\victortf2\Documents\GitHub\Pinball-\Physics2_class4 - handout\Debug\2D Physics - class 4.exe
  SDL Game.vcxproj -> C:\Users\victortf2\Documents\GitHub\Pinball-\Physics2_class4 - handout\Debug\2D Physics - class 4.pdb (Partial PDB)
